<?xml version="1.0" encoding="UTF-8"?>
<!-- Generated by org.testng.reporters.JUnitXMLReporter -->
<testsuite hostname="pvco306" ignored="1" name="Test" tests="1" failures="1" timestamp="02 Jul 2017 14:25:13 GMT" time="77.099" errors="0">
  <testcase name="verifyBusBookingFeature" time="66.433" classname="NikiTest.com.NikiTest.NikiTestCases">
    <failure type="java.lang.AssertionError" message="expected [Bus Booking] but found [start]">
      <![CDATA[java.lang.AssertionError: expected [Bus Booking] but found [start]
	at NikiTest.com.NikiTest.NikiTestCases.verifyBusBookingFeature(NikiTestCases.java:36)
	at java.util.concurrent.FutureTask.run(FutureTask.java:266)
	at java.util.concurrent.ThreadPoolExecutor.runWorker(ThreadPoolExecutor.java:1142)
	at java.util.concurrent.ThreadPoolExecutor$Worker.run(ThreadPoolExecutor.java:617)
	at java.lang.Thread.run(Thread.java:745)
... Removed 22 stack frames]]>
    </failure>
  </testcase> <!-- verifyBusBookingFeature -->
  <testcase name="verifyPrepaidRechargeFeature" time="0.0" classname="NikiTest.com.NikiTest.NikiTestCases">
    <ignored/>
  </testcase> <!-- verifyPrepaidRechargeFeature -->
</testsuite> <!-- Test -->
