<?xml version="1.0" encoding="UTF-8"?>
<testng-results skipped="0" failed="1" ignored="1" total="2" passed="0">
  <reporter-output>
  </reporter-output>
  <suite name="Suite" duration-ms="77099" started-at="2017-07-02T14:23:56Z" finished-at="2017-07-02T14:25:13Z">
    <groups>
    </groups>
    <test name="Test" duration-ms="77099" started-at="2017-07-02T14:23:56Z" finished-at="2017-07-02T14:25:13Z">
      <class name="NikiTest.com.NikiTest.NikiTestCases">
        <test-method status="PASS" signature="beforeTest()[pri:0, instance:NikiTest.com.NikiTest.NikiTestCases@1df90b0]" name="beforeTest" is-config="true" duration-ms="10658" started-at="2017-07-02T19:53:56Z" finished-at="2017-07-02T19:54:06Z">
          <reporter-output>
          </reporter-output>
        </test-method> <!-- beforeTest -->
        <test-method status="FAIL" signature="verifyBusBookingFeature()[pri:0, instance:NikiTest.com.NikiTest.NikiTestCases@1df90b0]" name="verifyBusBookingFeature" duration-ms="66433" started-at="2017-07-02T19:54:06Z" finished-at="2017-07-02T19:55:13Z">
          <exception class="java.lang.AssertionError">
            <message>
              <![CDATA[expected [Bus Booking] but found [start]]]>
            </message>
            <full-stacktrace>
              <![CDATA[java.lang.AssertionError: expected [Bus Booking] but found [start]
	at org.testng.Assert.fail(Assert.java:93)
	at org.testng.Assert.failNotEquals(Assert.java:512)
	at org.testng.Assert.assertEqualsImpl(Assert.java:134)
	at org.testng.Assert.assertEquals(Assert.java:115)
	at org.testng.Assert.assertEquals(Assert.java:189)
	at org.testng.Assert.assertEquals(Assert.java:199)
	at NikiTest.com.NikiTest.NikiTestCases.verifyBusBookingFeature(NikiTestCases.java:36)
	at sun.reflect.NativeMethodAccessorImpl.invoke0(Native Method)
	at sun.reflect.NativeMethodAccessorImpl.invoke(NativeMethodAccessorImpl.java:62)
	at sun.reflect.DelegatingMethodAccessorImpl.invoke(DelegatingMethodAccessorImpl.java:43)
	at java.lang.reflect.Method.invoke(Method.java:498)
	at org.testng.internal.MethodInvocationHelper.invokeMethod(MethodInvocationHelper.java:108)
	at org.testng.internal.Invoker.invokeMethod(Invoker.java:661)
	at org.testng.internal.Invoker.invokeTestMethod(Invoker.java:869)
	at org.testng.internal.Invoker.invokeTestMethods(Invoker.java:1193)
	at org.testng.internal.TestMethodWorker.invokeTestMethods(TestMethodWorker.java:126)
	at org.testng.internal.TestMethodWorker.run(TestMethodWorker.java:109)
	at org.testng.TestRunner.privateRun(TestRunner.java:744)
	at org.testng.TestRunner.run(TestRunner.java:602)
	at org.testng.SuiteRunner.runTest(SuiteRunner.java:380)
	at org.testng.SuiteRunner.access$000(SuiteRunner.java:39)
	at org.testng.SuiteRunner$SuiteWorker.run(SuiteRunner.java:414)
	at org.testng.internal.thread.ThreadUtil$1.call(ThreadUtil.java:52)
	at java.util.concurrent.FutureTask.run(FutureTask.java:266)
	at java.util.concurrent.ThreadPoolExecutor.runWorker(ThreadPoolExecutor.java:1142)
	at java.util.concurrent.ThreadPoolExecutor$Worker.run(ThreadPoolExecutor.java:617)
	at java.lang.Thread.run(Thread.java:745)
]]>
            </full-stacktrace>
          </exception> <!-- java.lang.AssertionError -->
          <reporter-output>
          </reporter-output>
        </test-method> <!-- verifyBusBookingFeature -->
      </class> <!-- NikiTest.com.NikiTest.NikiTestCases -->
    </test> <!-- Test -->
  </suite> <!-- Suite -->
</testng-results>
